Downloading/unpacking django==1.6
  Getting page https://pypi.python.org/simple/django/
  URLs to search for versions for django==1.6:
  * https://pypi.python.org/simple/django/1.6
  * https://pypi.python.org/simple/django/
  Getting page https://pypi.python.org/simple/django/1.6
  Could not fetch URL https://pypi.python.org/simple/django/1.6: 404 Client Error: Not Found
  Will skip URL https://pypi.python.org/simple/django/1.6 when looking for download links for django==1.6
  Analyzing links from page https://pypi.python.org/simple/Django/
    Found link https://pypi.python.org/packages/any/D/Django/Django-1.5.2-py2.py3-none-any.whl#md5=07f0d2d42162945d0ad031fc9737847d (from https://pypi.python.org/simple/Django/), version: 1.5.2
    Found link https://pypi.python.org/packages/any/D/Django/Django-1.5.8-py2.py3-none-any.whl#md5=1e3418bd1d6f9725a3d1264c9352f2a1 (from https://pypi.python.org/simple/Django/), version: 1.5.8
    Found link https://pypi.python.org/packages/any/D/Django/Django-1.6.1-py2.py3-none-any.whl#md5=c7b7a4437b36400f1c23953e9700fd29 (from https://pypi.python.org/simple/Django/), version: 1.6.1
    Found link https://pypi.python.org/packages/any/D/Django/Django-1.6.2-py2.py3-none-any.whl#md5=3bd014923e85df771b34d12c0ab3c9e1 (from https://pypi.python.org/simple/Django/), version: 1.6.2
    Found link https://pypi.python.org/packages/any/D/Django/Django-1.6.5-py2.py3-none-any.whl#md5=2bcdb4729f9f358b0925b532eef0a8ff (from https://pypi.python.org/simple/Django/), version: 1.6.5
    Found link https://pypi.python.org/packages/py2.py3/D/Django/Django-1.6-py2.py3-none-any.whl#md5=1078059a13d83a091e952917d22da9af (from https://pypi.python.org/simple/Django/), version: 1.6
    Found link https://pypi.python.org/packages/py2.py3/D/Django/Django-1.6.3-py2.py3-none-any.whl#md5=e5937a962ce1298ac67d1aa7484883a6 (from https://pypi.python.org/simple/Django/), version: 1.6.3
    Found link https://pypi.python.org/packages/py2.py3/D/Django/Django-1.6.4-py2.py3-none-any.whl#md5=8093262e13535869720d7100aed72fd6 (from https://pypi.python.org/simple/Django/), version: 1.6.4
    Found link https://pypi.python.org/packages/source/D/Django/Django-1.1.3.tar.gz#md5=52848c23dbc120fe0b2a8e7189b20306 (from https://pypi.python.org/simple/Django/), version: 1.1.3
    Found link https://pypi.python.org/packages/source/D/Django/Django-1.1.4.tar.gz#md5=e818668acc4de944f85e494ac80f1e7d (from https://pypi.python.org/simple/Django/), version: 1.1.4
    Found link https://pypi.python.org/packages/source/D/Django/Django-1.2.1.tar.gz#md5=2351efb20f6b7b5d9ce80fa4cb1bd9ca (from https://pypi.python.org/simple/Django/), version: 1.2.1
    Found link https://pypi.python.org/packages/source/D/Django/Django-1.2.2.tar.gz#md5=9cdbf79a31988ace9ef2ab4ede890136 (from https://pypi.python.org/simple/Django/), version: 1.2.2
    Found link https://pypi.python.org/packages/source/D/Django/Django-1.2.3.tar.gz#md5=10bfb5831bcb4d3b1e6298d0e41d6603 (from https://pypi.python.org/simple/Django/), version: 1.2.3
    Found link https://pypi.python.org/packages/source/D/Django/Django-1.2.4.tar.gz#md5=b0e67d3d6447f7eb1ce6392b9465a183 (from https://pypi.python.org/simple/Django/), version: 1.2.4
    Found link https://pypi.python.org/packages/source/D/Django/Django-1.2.5.tar.gz#md5=e031ea3d00996035e49e4bfa86e07c40 (from https://pypi.python.org/simple/Django/), version: 1.2.5
    Found link https://pypi.python.org/packages/source/D/Django/Django-1.2.6.tar.gz#md5=bff9fc7d871c0b5e6ce1a7babd16847b (from https://pypi.python.org/simple/Django/), version: 1.2.6
    Found link https://pypi.python.org/packages/source/D/Django/Django-1.2.7.tar.gz#md5=902fe294a2f7b16e5e1dee42d458c2ba (from https://pypi.python.org/simple/Django/), version: 1.2.7
    Found link https://pypi.python.org/packages/source/D/Django/Django-1.2.tar.gz#md5=98fa833fdabcdd78d00245aead66c174 (from https://pypi.python.org/simple/Django/), version: 1.2
    Found link https://pypi.python.org/packages/source/D/Django/Django-1.3.1.tar.gz#md5=62d8642fd06b9a0bf8544178f8500767 (from https://pypi.python.org/simple/Django/), version: 1.3.1
    Found link https://pypi.python.org/packages/source/D/Django/Django-1.3.2.tar.gz#md5=b8409b8f061e6c7a7dcfbb24403cb863 (from https://pypi.python.org/simple/Django/), version: 1.3.2
    Found link https://pypi.python.org/packages/source/D/Django/Django-1.3.3.tar.gz#md5=cbdd86f553b26459352e26ae643fd7c1 (from https://pypi.python.org/simple/Django/), version: 1.3.3
    Found link https://pypi.python.org/packages/source/D/Django/Django-1.3.4.tar.gz#md5=9a610a40ee5fcc4ca283fb499e265936 (from https://pypi.python.org/simple/Django/), version: 1.3.4
    Found link https://pypi.python.org/packages/source/D/Django/Django-1.3.5.tar.gz#md5=ec0ae9edb2ed6f9ffa65007110232637 (from https://pypi.python.org/simple/Django/), version: 1.3.5
    Found link https://pypi.python.org/packages/source/D/Django/Django-1.3.6.tar.gz#md5=357dbedf41ba6db990fd4be7c86cd80d (from https://pypi.python.org/simple/Django/), version: 1.3.6
    Found link https://pypi.python.org/packages/source/D/Django/Django-1.3.7.tar.gz#md5=f6720daa392d73d4df8847b41909fd43 (from https://pypi.python.org/simple/Django/), version: 1.3.7
    Found link https://pypi.python.org/packages/source/D/Django/Django-1.3.tar.gz#md5=1b8f76e91c27564708649671f329551f (from https://pypi.python.org/simple/Django/), version: 1.3
    Found link https://pypi.python.org/packages/source/D/Django/Django-1.4.1.tar.gz#md5=e345268dacff12876ae4e45de0a61b7d (from https://pypi.python.org/simple/Django/), version: 1.4.1
    Found link https://pypi.python.org/packages/source/D/Django/Django-1.4.10.tar.gz#md5=d324aecc37ce5430f548653b8b1509b6 (from https://pypi.python.org/simple/Django/), version: 1.4.10
    Found link https://pypi.python.org/packages/source/D/Django/Django-1.4.11.tar.gz#md5=9cd5913b038ebc9582903b2fccbbb54b (from https://pypi.python.org/simple/Django/), version: 1.4.11
    Found link https://pypi.python.org/packages/source/D/Django/Django-1.4.12.tar.gz#md5=9dc17c3f5409f9a4e662b5550e1c6505 (from https://pypi.python.org/simple/Django/), version: 1.4.12
    Found link https://pypi.python.org/packages/source/D/Django/Django-1.4.13.tar.gz#md5=9e28e33680f28b027ad67a026a785ea5 (from https://pypi.python.org/simple/Django/), version: 1.4.13
    Found link https://pypi.python.org/packages/source/D/Django/Django-1.4.2.tar.gz#md5=6ffecdc01ad360e1abdca1015ae0893a (from https://pypi.python.org/simple/Django/), version: 1.4.2
    Found link https://pypi.python.org/packages/source/D/Django/Django-1.4.3.tar.gz#md5=0b134c44b6dc8eb36822677ef506c9ab (from https://pypi.python.org/simple/Django/), version: 1.4.3
    Found link https://pypi.python.org/packages/source/D/Django/Django-1.4.4.tar.gz#md5=833f531479948201f0f0a3b5b5972565 (from https://pypi.python.org/simple/Django/), version: 1.4.4
    Found link https://pypi.python.org/packages/source/D/Django/Django-1.4.5.tar.gz#md5=851d00905eb70e4aa6384b3b8b111fb7 (from https://pypi.python.org/simple/Django/), version: 1.4.5
    Found link https://pypi.python.org/packages/source/D/Django/Django-1.4.6.tar.gz#md5=5c222ba388f8729151f2fda6be20af90 (from https://pypi.python.org/simple/Django/), version: 1.4.6
    Found link https://pypi.python.org/packages/source/D/Django/Django-1.4.7.tar.gz#md5=28da2e8111ff951adbfce0651f945326 (from https://pypi.python.org/simple/Django/), version: 1.4.7
    Found link https://pypi.python.org/packages/source/D/Django/Django-1.4.8.tar.gz#md5=7075e08ef06155e07002189b837cde85 (from https://pypi.python.org/simple/Django/), version: 1.4.8
    Found link https://pypi.python.org/packages/source/D/Django/Django-1.4.9.tar.gz#md5=cc0c9752b46de362bd2114a65871330f (from https://pypi.python.org/simple/Django/), version: 1.4.9
    Found link https://pypi.python.org/packages/source/D/Django/Django-1.4.tar.gz#md5=ba8e86198a93c196015df0b363ab1109 (from https://pypi.python.org/simple/Django/), version: 1.4
    Found link https://pypi.python.org/packages/source/D/Django/Django-1.5.1.tar.gz#md5=7465f6383264ba167a9a031d6b058bff (from https://pypi.python.org/simple/Django/), version: 1.5.1
    Found link https://pypi.python.org/packages/source/D/Django/Django-1.5.2.tar.gz#md5=26e83e6394a15a86212777d5f61eae86 (from https://pypi.python.org/simple/Django/), version: 1.5.2
    Found link https://pypi.python.org/packages/source/D/Django/Django-1.5.3.tar.gz#md5=1581e28b4aeb269c34a9b0417e103aaa (from https://pypi.python.org/simple/Django/), version: 1.5.3
    Found link https://pypi.python.org/packages/source/D/Django/Django-1.5.4.tar.gz#md5=b2685469bb4d1fbb091316e21f4108de (from https://pypi.python.org/simple/Django/), version: 1.5.4
    Found link https://pypi.python.org/packages/source/D/Django/Django-1.5.5.tar.gz#md5=e33355ee4bb2cbb4ab3954d3dff5eddd (from https://pypi.python.org/simple/Django/), version: 1.5.5
    Found link https://pypi.python.org/packages/source/D/Django/Django-1.5.6.tar.gz#md5=b46fe29c7d26310d19aec6d8666f08c6 (from https://pypi.python.org/simple/Django/), version: 1.5.6
    Found link https://pypi.python.org/packages/source/D/Django/Django-1.5.7.tar.gz#md5=a2c127e85a34c2eb6c74db4f7e02d4e4 (from https://pypi.python.org/simple/Django/), version: 1.5.7
    Found link https://pypi.python.org/packages/source/D/Django/Django-1.5.8.tar.gz#md5=675fc736e2c29090f005e217ccf90b5b (from https://pypi.python.org/simple/Django/), version: 1.5.8
    Found link https://pypi.python.org/packages/source/D/Django/Django-1.5.tar.gz#md5=fac09e1e0f11bb83bb187d652a9be967 (from https://pypi.python.org/simple/Django/), version: 1.5
    Found link https://pypi.python.org/packages/source/D/Django/Django-1.6.1.tar.gz#md5=3ea7a00ea9e7a014e8a4067dd6466a1b (from https://pypi.python.org/simple/Django/), version: 1.6.1
    Found link https://pypi.python.org/packages/source/D/Django/Django-1.6.2.tar.gz#md5=45d974c623b3bfbf9976f3d808fe1ee9 (from https://pypi.python.org/simple/Django/), version: 1.6.2
    Found link https://pypi.python.org/packages/source/D/Django/Django-1.6.3.tar.gz#md5=727fec03f15db8f80a7231696b79adf7 (from https://pypi.python.org/simple/Django/), version: 1.6.3
    Found link https://pypi.python.org/packages/source/D/Django/Django-1.6.4.tar.gz#md5=0d23bf836d3a52d93aee9411eccaa609 (from https://pypi.python.org/simple/Django/), version: 1.6.4
    Found link https://pypi.python.org/packages/source/D/Django/Django-1.6.5.tar.gz#md5=e4c5b2d35ecb3807317713afa70a0c77 (from https://pypi.python.org/simple/Django/), version: 1.6.5
    Found link https://pypi.python.org/packages/source/D/Django/Django-1.6.tar.gz#md5=65db1bc313124c3754c89073942e38a8 (from https://pypi.python.org/simple/Django/), version: 1.6
  Ignoring link https://pypi.python.org/packages/any/D/Django/Django-1.5.2-py2.py3-none-any.whl#md5=07f0d2d42162945d0ad031fc9737847d (from https://pypi.python.org/simple/Django/), version 1.5.2 doesn't match ==1.6
  Ignoring link https://pypi.python.org/packages/any/D/Django/Django-1.5.8-py2.py3-none-any.whl#md5=1e3418bd1d6f9725a3d1264c9352f2a1 (from https://pypi.python.org/simple/Django/), version 1.5.8 doesn't match ==1.6
  Ignoring link https://pypi.python.org/packages/any/D/Django/Django-1.6.1-py2.py3-none-any.whl#md5=c7b7a4437b36400f1c23953e9700fd29 (from https://pypi.python.org/simple/Django/), version 1.6.1 doesn't match ==1.6
  Ignoring link https://pypi.python.org/packages/any/D/Django/Django-1.6.2-py2.py3-none-any.whl#md5=3bd014923e85df771b34d12c0ab3c9e1 (from https://pypi.python.org/simple/Django/), version 1.6.2 doesn't match ==1.6
  Ignoring link https://pypi.python.org/packages/any/D/Django/Django-1.6.5-py2.py3-none-any.whl#md5=2bcdb4729f9f358b0925b532eef0a8ff (from https://pypi.python.org/simple/Django/), version 1.6.5 doesn't match ==1.6
  Ignoring link https://pypi.python.org/packages/py2.py3/D/Django/Django-1.6.3-py2.py3-none-any.whl#md5=e5937a962ce1298ac67d1aa7484883a6 (from https://pypi.python.org/simple/Django/), version 1.6.3 doesn't match ==1.6
  Ignoring link https://pypi.python.org/packages/py2.py3/D/Django/Django-1.6.4-py2.py3-none-any.whl#md5=8093262e13535869720d7100aed72fd6 (from https://pypi.python.org/simple/Django/), version 1.6.4 doesn't match ==1.6
  Ignoring link https://pypi.python.org/packages/source/D/Django/Django-1.1.3.tar.gz#md5=52848c23dbc120fe0b2a8e7189b20306 (from https://pypi.python.org/simple/Django/), version 1.1.3 doesn't match ==1.6
  Ignoring link https://pypi.python.org/packages/source/D/Django/Django-1.1.4.tar.gz#md5=e818668acc4de944f85e494ac80f1e7d (from https://pypi.python.org/simple/Django/), version 1.1.4 doesn't match ==1.6
  Ignoring link https://pypi.python.org/packages/source/D/Django/Django-1.2.1.tar.gz#md5=2351efb20f6b7b5d9ce80fa4cb1bd9ca (from https://pypi.python.org/simple/Django/), version 1.2.1 doesn't match ==1.6
  Ignoring link https://pypi.python.org/packages/source/D/Django/Django-1.2.2.tar.gz#md5=9cdbf79a31988ace9ef2ab4ede890136 (from https://pypi.python.org/simple/Django/), version 1.2.2 doesn't match ==1.6
  Ignoring link https://pypi.python.org/packages/source/D/Django/Django-1.2.3.tar.gz#md5=10bfb5831bcb4d3b1e6298d0e41d6603 (from https://pypi.python.org/simple/Django/), version 1.2.3 doesn't match ==1.6
  Ignoring link https://pypi.python.org/packages/source/D/Django/Django-1.2.4.tar.gz#md5=b0e67d3d6447f7eb1ce6392b9465a183 (from https://pypi.python.org/simple/Django/), version 1.2.4 doesn't match ==1.6
  Ignoring link https://pypi.python.org/packages/source/D/Django/Django-1.2.5.tar.gz#md5=e031ea3d00996035e49e4bfa86e07c40 (from https://pypi.python.org/simple/Django/), version 1.2.5 doesn't match ==1.6
  Ignoring link https://pypi.python.org/packages/source/D/Django/Django-1.2.6.tar.gz#md5=bff9fc7d871c0b5e6ce1a7babd16847b (from https://pypi.python.org/simple/Django/), version 1.2.6 doesn't match ==1.6
  Ignoring link https://pypi.python.org/packages/source/D/Django/Django-1.2.7.tar.gz#md5=902fe294a2f7b16e5e1dee42d458c2ba (from https://pypi.python.org/simple/Django/), version 1.2.7 doesn't match ==1.6
  Ignoring link https://pypi.python.org/packages/source/D/Django/Django-1.2.tar.gz#md5=98fa833fdabcdd78d00245aead66c174 (from https://pypi.python.org/simple/Django/), version 1.2 doesn't match ==1.6
  Ignoring link https://pypi.python.org/packages/source/D/Django/Django-1.3.1.tar.gz#md5=62d8642fd06b9a0bf8544178f8500767 (from https://pypi.python.org/simple/Django/), version 1.3.1 doesn't match ==1.6
  Ignoring link https://pypi.python.org/packages/source/D/Django/Django-1.3.2.tar.gz#md5=b8409b8f061e6c7a7dcfbb24403cb863 (from https://pypi.python.org/simple/Django/), version 1.3.2 doesn't match ==1.6
  Ignoring link https://pypi.python.org/packages/source/D/Django/Django-1.3.3.tar.gz#md5=cbdd86f553b26459352e26ae643fd7c1 (from https://pypi.python.org/simple/Django/), version 1.3.3 doesn't match ==1.6
  Ignoring link https://pypi.python.org/packages/source/D/Django/Django-1.3.4.tar.gz#md5=9a610a40ee5fcc4ca283fb499e265936 (from https://pypi.python.org/simple/Django/), version 1.3.4 doesn't match ==1.6
  Ignoring link https://pypi.python.org/packages/source/D/Django/Django-1.3.5.tar.gz#md5=ec0ae9edb2ed6f9ffa65007110232637 (from https://pypi.python.org/simple/Django/), version 1.3.5 doesn't match ==1.6
  Ignoring link https://pypi.python.org/packages/source/D/Django/Django-1.3.6.tar.gz#md5=357dbedf41ba6db990fd4be7c86cd80d (from https://pypi.python.org/simple/Django/), version 1.3.6 doesn't match ==1.6
  Ignoring link https://pypi.python.org/packages/source/D/Django/Django-1.3.7.tar.gz#md5=f6720daa392d73d4df8847b41909fd43 (from https://pypi.python.org/simple/Django/), version 1.3.7 doesn't match ==1.6
  Ignoring link https://pypi.python.org/packages/source/D/Django/Django-1.3.tar.gz#md5=1b8f76e91c27564708649671f329551f (from https://pypi.python.org/simple/Django/), version 1.3 doesn't match ==1.6
  Ignoring link https://pypi.python.org/packages/source/D/Django/Django-1.4.1.tar.gz#md5=e345268dacff12876ae4e45de0a61b7d (from https://pypi.python.org/simple/Django/), version 1.4.1 doesn't match ==1.6
  Ignoring link https://pypi.python.org/packages/source/D/Django/Django-1.4.10.tar.gz#md5=d324aecc37ce5430f548653b8b1509b6 (from https://pypi.python.org/simple/Django/), version 1.4.10 doesn't match ==1.6
  Ignoring link https://pypi.python.org/packages/source/D/Django/Django-1.4.11.tar.gz#md5=9cd5913b038ebc9582903b2fccbbb54b (from https://pypi.python.org/simple/Django/), version 1.4.11 doesn't match ==1.6
  Ignoring link https://pypi.python.org/packages/source/D/Django/Django-1.4.12.tar.gz#md5=9dc17c3f5409f9a4e662b5550e1c6505 (from https://pypi.python.org/simple/Django/), version 1.4.12 doesn't match ==1.6
  Ignoring link https://pypi.python.org/packages/source/D/Django/Django-1.4.13.tar.gz#md5=9e28e33680f28b027ad67a026a785ea5 (from https://pypi.python.org/simple/Django/), version 1.4.13 doesn't match ==1.6
  Ignoring link https://pypi.python.org/packages/source/D/Django/Django-1.4.2.tar.gz#md5=6ffecdc01ad360e1abdca1015ae0893a (from https://pypi.python.org/simple/Django/), version 1.4.2 doesn't match ==1.6
  Ignoring link https://pypi.python.org/packages/source/D/Django/Django-1.4.3.tar.gz#md5=0b134c44b6dc8eb36822677ef506c9ab (from https://pypi.python.org/simple/Django/), version 1.4.3 doesn't match ==1.6
  Ignoring link https://pypi.python.org/packages/source/D/Django/Django-1.4.4.tar.gz#md5=833f531479948201f0f0a3b5b5972565 (from https://pypi.python.org/simple/Django/), version 1.4.4 doesn't match ==1.6
  Ignoring link https://pypi.python.org/packages/source/D/Django/Django-1.4.5.tar.gz#md5=851d00905eb70e4aa6384b3b8b111fb7 (from https://pypi.python.org/simple/Django/), version 1.4.5 doesn't match ==1.6
  Ignoring link https://pypi.python.org/packages/source/D/Django/Django-1.4.6.tar.gz#md5=5c222ba388f8729151f2fda6be20af90 (from https://pypi.python.org/simple/Django/), version 1.4.6 doesn't match ==1.6
  Ignoring link https://pypi.python.org/packages/source/D/Django/Django-1.4.7.tar.gz#md5=28da2e8111ff951adbfce0651f945326 (from https://pypi.python.org/simple/Django/), version 1.4.7 doesn't match ==1.6
  Ignoring link https://pypi.python.org/packages/source/D/Django/Django-1.4.8.tar.gz#md5=7075e08ef06155e07002189b837cde85 (from https://pypi.python.org/simple/Django/), version 1.4.8 doesn't match ==1.6
  Ignoring link https://pypi.python.org/packages/source/D/Django/Django-1.4.9.tar.gz#md5=cc0c9752b46de362bd2114a65871330f (from https://pypi.python.org/simple/Django/), version 1.4.9 doesn't match ==1.6
  Ignoring link https://pypi.python.org/packages/source/D/Django/Django-1.4.tar.gz#md5=ba8e86198a93c196015df0b363ab1109 (from https://pypi.python.org/simple/Django/), version 1.4 doesn't match ==1.6
  Ignoring link https://pypi.python.org/packages/source/D/Django/Django-1.5.1.tar.gz#md5=7465f6383264ba167a9a031d6b058bff (from https://pypi.python.org/simple/Django/), version 1.5.1 doesn't match ==1.6
  Ignoring link https://pypi.python.org/packages/source/D/Django/Django-1.5.2.tar.gz#md5=26e83e6394a15a86212777d5f61eae86 (from https://pypi.python.org/simple/Django/), version 1.5.2 doesn't match ==1.6
  Ignoring link https://pypi.python.org/packages/source/D/Django/Django-1.5.3.tar.gz#md5=1581e28b4aeb269c34a9b0417e103aaa (from https://pypi.python.org/simple/Django/), version 1.5.3 doesn't match ==1.6
  Ignoring link https://pypi.python.org/packages/source/D/Django/Django-1.5.4.tar.gz#md5=b2685469bb4d1fbb091316e21f4108de (from https://pypi.python.org/simple/Django/), version 1.5.4 doesn't match ==1.6
  Ignoring link https://pypi.python.org/packages/source/D/Django/Django-1.5.5.tar.gz#md5=e33355ee4bb2cbb4ab3954d3dff5eddd (from https://pypi.python.org/simple/Django/), version 1.5.5 doesn't match ==1.6
  Ignoring link https://pypi.python.org/packages/source/D/Django/Django-1.5.6.tar.gz#md5=b46fe29c7d26310d19aec6d8666f08c6 (from https://pypi.python.org/simple/Django/), version 1.5.6 doesn't match ==1.6
  Ignoring link https://pypi.python.org/packages/source/D/Django/Django-1.5.7.tar.gz#md5=a2c127e85a34c2eb6c74db4f7e02d4e4 (from https://pypi.python.org/simple/Django/), version 1.5.7 doesn't match ==1.6
  Ignoring link https://pypi.python.org/packages/source/D/Django/Django-1.5.8.tar.gz#md5=675fc736e2c29090f005e217ccf90b5b (from https://pypi.python.org/simple/Django/), version 1.5.8 doesn't match ==1.6
  Ignoring link https://pypi.python.org/packages/source/D/Django/Django-1.5.tar.gz#md5=fac09e1e0f11bb83bb187d652a9be967 (from https://pypi.python.org/simple/Django/), version 1.5 doesn't match ==1.6
  Ignoring link https://pypi.python.org/packages/source/D/Django/Django-1.6.1.tar.gz#md5=3ea7a00ea9e7a014e8a4067dd6466a1b (from https://pypi.python.org/simple/Django/), version 1.6.1 doesn't match ==1.6
  Ignoring link https://pypi.python.org/packages/source/D/Django/Django-1.6.2.tar.gz#md5=45d974c623b3bfbf9976f3d808fe1ee9 (from https://pypi.python.org/simple/Django/), version 1.6.2 doesn't match ==1.6
  Ignoring link https://pypi.python.org/packages/source/D/Django/Django-1.6.3.tar.gz#md5=727fec03f15db8f80a7231696b79adf7 (from https://pypi.python.org/simple/Django/), version 1.6.3 doesn't match ==1.6
  Ignoring link https://pypi.python.org/packages/source/D/Django/Django-1.6.4.tar.gz#md5=0d23bf836d3a52d93aee9411eccaa609 (from https://pypi.python.org/simple/Django/), version 1.6.4 doesn't match ==1.6
  Ignoring link https://pypi.python.org/packages/source/D/Django/Django-1.6.5.tar.gz#md5=e4c5b2d35ecb3807317713afa70a0c77 (from https://pypi.python.org/simple/Django/), version 1.6.5 doesn't match ==1.6
  Using version 1.6 (newest of versions: 1.6, 1.6)
  Downloading from URL https://pypi.python.org/packages/py2.py3/D/Django/Django-1.6-py2.py3-none-any.whl#md5=1078059a13d83a091e952917d22da9af (from https://pypi.python.org/simple/Django/)
Installing collected packages: django
Cleaning up...
  Removing temporary dir /tmp/pip_build_action...
Exception:
Traceback (most recent call last):
  File "/usr/local/lib/python2.7/dist-packages/pip-1.5.6-py2.7.egg/pip/basecommand.py", line 122, in main
    status = self.run(options, args)
  File "/usr/local/lib/python2.7/dist-packages/pip-1.5.6-py2.7.egg/pip/commands/install.py", line 283, in run
    requirement_set.install(install_options, global_options, root=options.root_path)
  File "/usr/local/lib/python2.7/dist-packages/pip-1.5.6-py2.7.egg/pip/req.py", line 1435, in install
    requirement.install(install_options, global_options, *args, **kwargs)
  File "/usr/local/lib/python2.7/dist-packages/pip-1.5.6-py2.7.egg/pip/req.py", line 671, in install
    self.move_wheel_files(self.source_dir, root=root)
  File "/usr/local/lib/python2.7/dist-packages/pip-1.5.6-py2.7.egg/pip/req.py", line 901, in move_wheel_files
    pycompile=self.pycompile,
  File "/usr/local/lib/python2.7/dist-packages/pip-1.5.6-py2.7.egg/pip/wheel.py", line 215, in move_wheel_files
    clobber(source, lib_dir, True)
  File "/usr/local/lib/python2.7/dist-packages/pip-1.5.6-py2.7.egg/pip/wheel.py", line 205, in clobber
    os.makedirs(destdir)
  File "/usr/lib/python2.7/os.py", line 157, in makedirs
    mkdir(name, mode)
OSError: [Errno 13] Permission denied: '/usr/local/lib/python2.7/dist-packages/Django-1.6.dist-info'
